This is pdfTeX, Version 3.14159265-2.6-1.40.17 (TeX Live 2016) (preloaded format=pdflatex 2016.7.23)  9 AUG 2016 23:19
entering extended mode
 restricted \write18 enabled.
 %&-line parsing enabled.
**rm_verhaal.tex
(./rm_verhaal.tex
LaTeX2e <2016/03/31>
Babel <3.9r> and hyphenation patterns for 83 language(s) loaded.
(/usr/local/texlive/2016/texmf-dist/tex/latex/memoir/memoir.cls
Document Class: memoir 2016/05/16 v3.7f configurable book, report, article docu
ment class
\onelineskip=\skip41
\lxvchars=\skip42
\xlvchars=\skip43
\@memcnta=\count79
\c@@memmarkcntra=\count80
(/usr/local/texlive/2016/texmf-dist/tex/generic/oberdiek/ifpdf.sty
Package: ifpdf 2016/05/14 v3.1 Provides the ifpdf switch
)
(/usr/local/texlive/2016/texmf-dist/tex/latex/ifetex/ifetex.sty
Package: ifetex 2011/12/15 v1.2 ifetex

(/usr/local/texlive/2016/texmf-dist/tex/plain/ifetex/ifetex.tex))
(/usr/local/texlive/2016/texmf-dist/tex/generic/ifxetex/ifxetex.sty
Package: ifxetex 2010/09/12 v0.6 Provides ifxetex conditional
)
(/usr/local/texlive/2016/texmf-dist/tex/generic/oberdiek/ifluatex.sty
Package: ifluatex 2016/05/16 v1.4 Provides the ifluatex switch (HO)
Package ifluatex Info: LuaTeX not detected.
)
\stockheight=\skip44
\stockwidth=\skip45
\trimtop=\skip46
\trimedge=\skip47

(/usr/local/texlive/2016/texmf-dist/tex/latex/memoir/mem10.clo
File: mem10.clo 2008/01/30 v0.3 memoir class 10pt size option
)
\binding=\skip48
\spinemargin=\skip49
\foremargin=\skip50
\uppermargin=\skip51
\lowermargin=\skip52
\headdrop=\skip53
\normalrulethickness=\skip54
\mem@maxheadheight=\skip55
\mem@maxfootheight=\skip56
\headwidth=\skip57
\c@storedpagenumber=\count81
\memPD=\dimen102
\m@mabparskip=\skip58
\thanksmarkwidth=\skip59
\thanksmarksep=\skip60
\droptitle=\skip61
\c@book=\count82
\c@part=\count83
\c@chapter=\count84
\c@section=\count85
\c@subsection=\count86
\c@subsubsection=\count87
\c@paragraph=\count88
\c@subparagraph=\count89
\beforechapskip=\skip62
\midchapskip=\skip63
\afterchapskip=\skip64
\chapindent=\skip65
\bottomsectionskip=\skip66
\secindent=\skip67
\beforesecskip=\skip68
\aftersecskip=\skip69
\subsecindent=\skip70
\beforesubsecskip=\skip71
\aftersubsecskip=\skip72
\subsubsecindent=\skip73
\beforesubsubsecskip=\skip74
\aftersubsubsecskip=\skip75
\paraindent=\skip76
\beforeparaskip=\skip77
\afterparaskip=\skip78
\subparaindent=\skip79
\beforesubparaskip=\skip80
\aftersubparaskip=\skip81
\pfbreakskip=\skip82
\c@@ppsavesec=\count90
\c@@ppsaveapp=\count91
\ragrparindent=\dimen103
\everylistparindent=\dimen104
\parsepi=\skip83
\topsepi=\skip84
\itemsepi=\skip85
\parsepii=\skip86
\topsepii=\skip87
\topsepiii=\skip88
\itemsepii=\skip89
\itemsepiii=\skip90
\partopsepii=\skip91
\partopsepiii=\skip92
\m@msavetopsep=\skip93
\m@msavepartopsep=\skip94
\@enLab=\toks14
\abstitleskip=\skip95
\absleftindent=\skip96
\abs@leftindent=\dimen105
\absrightindent=\skip97
\absparindent=\skip98
\absparsep=\skip99
\c@vslineno=\count92
\c@poemline=\count93
\c@modulo@vs=\count94
\c@memfvsline=\count95
\vleftskip=\skip100
\vrightskip=\skip101
\stanzaskip=\skip102
\versewidth=\skip103
\vgap=\skip104
\vindent=\skip105
\vleftmargin=\dimen106
\c@verse=\count96
\c@chrsinstr=\count97
\beforepoemtitleskip=\skip106
\afterpoemtitleskip=\skip107
\c@poem=\count98
\beforePoemTitleskip=\skip108
\midPoemTitleskip=\skip109
\afterPoemTitleskip=\skip110
\col@sep=\dimen107
\extrarowheight=\dimen108
\NC@list=\toks15
\extratabsurround=\skip111
\backup@length=\skip112
\TX@col@width=\dimen109
\TX@old@table=\dimen110
\TX@old@col=\dimen111
\TX@target=\dimen112
\TX@delta=\dimen113
\TX@cols=\count99
\TX@ftn=\toks16
\heavyrulewidth=\dimen114
\lightrulewidth=\dimen115
\cmidrulewidth=\dimen116
\belowrulesep=\dimen117
\belowbottomsep=\dimen118
\aboverulesep=\dimen119
\abovetopsep=\dimen120
\cmidrulesep=\dimen121
\cmidrulekern=\dimen122
\defaultaddspace=\dimen123
\@cmidla=\count100
\@cmidlb=\count101
\@aboverulesep=\dimen124
\@belowrulesep=\dimen125
\@thisruleclass=\count102
\@lastruleclass=\count103
\@thisrulewidth=\dimen126
\ctableftskip=\skip113
\ctabrightskip=\skip114
\abovecolumnspenalty=\count104
\@linestogo=\count105
\@cellstogo=\count106
\@cellsincolumn=\count107
\crtok=\toks17
\@mincolumnwidth=\dimen127
\c@newflo@tctr=\count108
\mem@margin@floatbox=\box26
\@contcwidth=\skip115
\@contindw=\skip116
\abovecaptionskip=\skip117
\belowcaptionskip=\skip118
\subfloattopskip=\skip119
\subfloatcapskip=\skip120
\subfloatcaptopadj=\skip121
\subfloatbottomskip=\skip122
\subfloatlabelskip=\skip123
\subfloatcapmargin=\dimen128
\c@@contsubnum=\count109
\m@mscap@capbox=\box27
\m@mscap@fbox=\box28
\sidecapsep=\dimen129
\sidecapwidth=\dimen130
\m@m@tempdima=\dimen131
\m@mscapraise=\dimen132
\sidecapraise=\dimen133
\m@mscapmainwidth=\dimen134
\m@mscaplkern=\dimen135
\beforeepigraphskip=\skip124
\afterepigraphskip=\skip125
\epigraphwidth=\skip126
\epigraphrule=\skip127
LaTeX Info: Redefining \em on input line 7551.
LaTeX Info: Redefining \emph on input line 7559.
\tocentryskip=\skip128
\tocbaseline=\skip129
\cftparskip=\skip130
\cftbeforebookskip=\skip131
\cftbookindent=\dimen136
\cftbooknumwidth=\dimen137
\cftbeforepartskip=\skip132
\cftpartindent=\skip133
\cftpartnumwidth=\skip134
\cftbeforechapterskip=\skip135
\cftchapterindent=\skip136
\cftchapternumwidth=\skip137
\cftbeforesectionskip=\skip138
\cftsectionindent=\skip139
\cftsectionnumwidth=\skip140
\cftbeforesubsectionskip=\skip141
\cftsubsectionindent=\skip142
\cftsubsectionnumwidth=\skip143
\cftbeforesubsubsectionskip=\skip144
\cftsubsubsectionindent=\skip145
\cftsubsubsectionnumwidth=\skip146
\cftbeforeparagraphskip=\skip147
\cftparagraphindent=\skip148
\cftparagraphnumwidth=\skip149
\cftbeforesubparagraphskip=\skip150
\cftsubparagraphindent=\skip151
\cftsubparagraphnumwidth=\skip152
\prechapterprecisshift=\dimen138
\c@maxsecnumdepth=\count110
\bibindent=\dimen139
\bibitemsep=\skip153
\indexcolsep=\skip154
\indexrule=\skip155
\indexmarkstyle=\toks18
\@indexbox=\insert199
\glossarycolsep=\dimen140
\glossaryrule=\dimen141
\sideparvshift=\skip156
\sideins=\insert198
\sidebartopsep=\skip157
\sidebarhsep=\skip158
\sidebarvsep=\skip159
\sidebarwidth=\skip160
\footmarkwidth=\skip161
\footmarksep=\skip162
\footparindent=\skip163
\footinsdim=\skip164
\footinsv@r=\insert197
\@mpfootinsv@r=\insert196
\m@m@k=\count111
\m@m@h=\dimen142
\m@mipn@skip=\skip165
\sidefootins=\insert195
\sidefootadjust=\skip166
\sidefootheight=\skip167
\sidefoothsep=\skip168
\sidefootvsep=\skip169
\sidefootwidth=\skip170
\m@mdownsf=\skip171
\c@sidefootnote=\count112
\sidefootmarkwidth=\skip172
\sidefootmarksep=\skip173
\sidefootparindent=\skip174
\c@pagenote=\count113
\c@pagenoteshadow=\count114
\mem@pn@lastkern=\skip175
\every@verbatim=\toks19
\afterevery@verbatim=\toks20
\verbatim@line=\toks21
\tab@position=\count115
\verbatim@in@stream=\read1
\verbatimindent=\skip176
\verbatim@out=\write3
\bvboxsep=\skip177
\c@memfbvline=\count116
\c@bvlinectr=\count117
\bvnumlength=\skip178
\fb@frw=\dimen143
\fb@frh=\dimen144
\FrameRule=\dimen145
\FrameSep=\dimen146
\c@cp@cntr=\count118
LaTeX Info: Redefining \: on input line 12068.
LaTeX Info: Redefining \! on input line 12070.
\c@ism@mctr=\count119
\c@xsm@mctr=\count120
\c@csm@mctr=\count121
\c@ksm@mctr=\count122
\c@xksm@mctr=\count123
\c@cksm@mctr=\count124
\c@msm@mctr=\count125
\c@xmsm@mctr=\count126
\c@cmsm@mctr=\count127
\c@bsm@mctr=\count128
\c@workm@mctr=\count129
\c@sheetsequence=\count130
\c@lastsheet=\count131
\c@lastpage=\count132
\c@figure=\count133
\c@lofdepth=\count134
\cftbeforefigureskip=\skip179
\cftfigureindent=\skip180
\cftfigurenumwidth=\skip181
\c@table=\count135
\c@lotdepth=\count136
\cftbeforetableskip=\skip182
\cfttableindent=\skip183
\cfttablenumwidth=\skip184
Package abstract [2008/07/23] emulated by memoir.
Package appendix [2008/07/23] emulated by memoir.
Package array [2008/09/09] emulated by memoir.
Package booktabs [2016/05/16] emulated by memoir.
Package ccaption [2008/07/23] emulated by memoir.
Package changepage [2008/07/23] emulated by memoir.
Package chngcntr [2008/07/23] emulated by memoir.
Package chngpage [2008/07/23] emulated by memoir.
Package crop emulated by memoir.
Package dcolumn [2008/07/23] emulated by memoir.
Package delarray [2008/07/23] emulated by memoir.
Package enumerate [2008/07/23] emulated by memoir.
Package epigraph [2008/07/23] emulated by memoir.
Package ifmtarg [2008/07/23] emulated by memoir.
Package index [2008/07/23] emulated by memoir.
Package makeidx [2008/07/23] emulated by memoir.
Package moreverb [2008/07/23] emulated by memoir.
Package mparhack [2008/07/23] emulated by memoir.
Package needspace [2008/07/23] emulated by memoir.
Package newfile [2008/07/23] emulated by memoir.
Package nextpage [2008/07/23] emulated by memoir.
Package pagenote [2008/07/23] emulated by memoir.
Package parskip [2008/07/23] emulated by memoir.
Package patchcmd [2008/07/23] emulated by memoir.
Package setspace [2008/07/23] emulated by memoir.
Package shortvrb [2008/07/23] emulated by memoir.
Package showidx [2008/07/23] emulated by memoir.
Package tabularx [2008/07/23] emulated by memoir.
Package titleref [2008/07/23] emulated by memoir.
Package titling [2008/07/23] emulated by memoir.
Package tocbibind [2008/07/23] emulated by memoir.
Package tocloft [2008/07/23] emulated by memoir.
Package tocvsec2 [2008/07/23] emulated by memoir.
Package verbatim [2008/07/23] emulated by memoir.
Package verse [2008/07/23] emulated by memoir.

(/usr/local/texlive/2016/texmf-dist/tex/latex/memoir/mempatch.sty
Package: mempatch 2009/07/24 v6.0f Patches for memoir class v1.6180339
))
(/usr/local/texlive/2016/texmf-dist/tex/latex/geometry/geometry.sty
Package: geometry 2010/09/12 v5.6 Page Geometry

(/usr/local/texlive/2016/texmf-dist/tex/latex/graphics/keyval.sty
Package: keyval 2014/10/28 v1.15 key=value parser (DPC)
\KV@toks@=\toks22
)
(/usr/local/texlive/2016/texmf-dist/tex/generic/oberdiek/ifvtex.sty
Package: ifvtex 2016/05/16 v1.6 Detect VTeX and its facilities (HO)
Package ifvtex Info: VTeX not detected.
)
\Gm@cnth=\count137
\Gm@cntv=\count138
\c@Gm@tempcnt=\count139
\Gm@bindingoffset=\dimen147
\Gm@wd@mp=\dimen148
\Gm@odd@mp=\dimen149
\Gm@even@mp=\dimen150
\Gm@layoutwidth=\dimen151
\Gm@layoutheight=\dimen152
\Gm@layouthoffset=\dimen153
\Gm@layoutvoffset=\dimen154
\Gm@dimlist=\toks23
)
(/usr/local/texlive/2016/texmf-dist/tex/latex/base/inputenc.sty
Package: inputenc 2015/03/17 v1.2c Input encoding file
\inpenc@prehook=\toks24
\inpenc@posthook=\toks25

(/usr/local/texlive/2016/texmf-dist/tex/latex/base/utf8.def
File: utf8.def 2016/02/28 v1.1s UTF-8 support for inputenc
Now handling font encoding OML ...
... no UTF-8 mapping file for font encoding OML
Now handling font encoding T1 ...
... processing UTF-8 mapping file for font encoding T1

(/usr/local/texlive/2016/texmf-dist/tex/latex/base/t1enc.dfu
File: t1enc.dfu 2016/02/28 v1.1s UTF-8 support for inputenc
   defining Unicode char U+00A0 (decimal 160)
   defining Unicode char U+00A1 (decimal 161)
   defining Unicode char U+00A3 (decimal 163)
   defining Unicode char U+00AB (decimal 171)
   defining Unicode char U+00AD (decimal 173)
   defining Unicode char U+00BB (decimal 187)
   defining Unicode char U+00BF (decimal 191)
   defining Unicode char U+00C0 (decimal 192)
   defining Unicode char U+00C1 (decimal 193)
   defining Unicode char U+00C2 (decimal 194)
   defining Unicode char U+00C3 (decimal 195)
   defining Unicode char U+00C4 (decimal 196)
   defining Unicode char U+00C5 (decimal 197)
   defining Unicode char U+00C6 (decimal 198)
   defining Unicode char U+00C7 (decimal 199)
   defining Unicode char U+00C8 (decimal 200)
   defining Unicode char U+00C9 (decimal 201)
   defining Unicode char U+00CA (decimal 202)
   defining Unicode char U+00CB (decimal 203)
   defining Unicode char U+00CC (decimal 204)
   defining Unicode char U+00CD (decimal 205)
   defining Unicode char U+00CE (decimal 206)
   defining Unicode char U+00CF (decimal 207)
   defining Unicode char U+00D0 (decimal 208)
   defining Unicode char U+00D1 (decimal 209)
   defining Unicode char U+00D2 (decimal 210)
   defining Unicode char U+00D3 (decimal 211)
   defining Unicode char U+00D4 (decimal 212)
   defining Unicode char U+00D5 (decimal 213)
   defining Unicode char U+00D6 (decimal 214)
   defining Unicode char U+00D8 (decimal 216)
   defining Unicode char U+00D9 (decimal 217)
   defining Unicode char U+00DA (decimal 218)
   defining Unicode char U+00DB (decimal 219)
   defining Unicode char U+00DC (decimal 220)
   defining Unicode char U+00DD (decimal 221)
   defining Unicode char U+00DE (decimal 222)
   defining Unicode char U+00DF (decimal 223)
   defining Unicode char U+00E0 (decimal 224)
   defining Unicode char U+00E1 (decimal 225)
   defining Unicode char U+00E2 (decimal 226)
   defining Unicode char U+00E3 (decimal 227)
   defining Unicode char U+00E4 (decimal 228)
   defining Unicode char U+00E5 (decimal 229)
   defining Unicode char U+00E6 (decimal 230)
   defining Unicode char U+00E7 (decimal 231)
   defining Unicode char U+00E8 (decimal 232)
   defining Unicode char U+00E9 (decimal 233)
   defining Unicode char U+00EA (decimal 234)
   defining Unicode char U+00EB (decimal 235)
   defining Unicode char U+00EC (decimal 236)
   defining Unicode char U+00ED (decimal 237)
   defining Unicode char U+00EE (decimal 238)
   defining Unicode char U+00EF (decimal 239)
   defining Unicode char U+00F0 (decimal 240)
   defining Unicode char U+00F1 (decimal 241)
   defining Unicode char U+00F2 (decimal 242)
   defining Unicode char U+00F3 (decimal 243)
   defining Unicode char U+00F4 (decimal 244)
   defining Unicode char U+00F5 (decimal 245)
   defining Unicode char U+00F6 (decimal 246)
   defining Unicode char U+00F8 (decimal 248)
   defining Unicode char U+00F9 (decimal 249)
   defining Unicode char U+00FA (decimal 250)
   defining Unicode char U+00FB (decimal 251)
   defining Unicode char U+00FC (decimal 252)
   defining Unicode char U+00FD (decimal 253)
   defining Unicode char U+00FE (decimal 254)
   defining Unicode char U+00FF (decimal 255)
   defining Unicode char U+0100 (decimal 256)
   defining Unicode char U+0101 (decimal 257)
   defining Unicode char U+0102 (decimal 258)
   defining Unicode char U+0103 (decimal 259)
   defining Unicode char U+0104 (decimal 260)
   defining Unicode char U+0105 (decimal 261)
   defining Unicode char U+0106 (decimal 262)
   defining Unicode char U+0107 (decimal 263)
   defining Unicode char U+0108 (decimal 264)
   defining Unicode char U+0109 (decimal 265)
   defining Unicode char U+010A (decimal 266)
   defining Unicode char U+010B (decimal 267)
   defining Unicode char U+010C (decimal 268)
   defining Unicode char U+010D (decimal 269)
   defining Unicode char U+010E (decimal 270)
   defining Unicode char U+010F (decimal 271)
   defining Unicode char U+0110 (decimal 272)
   defining Unicode char U+0111 (decimal 273)
   defining Unicode char U+0112 (decimal 274)
   defining Unicode char U+0113 (decimal 275)
   defining Unicode char U+0114 (decimal 276)
   defining Unicode char U+0115 (decimal 277)
   defining Unicode char U+0116 (decimal 278)
   defining Unicode char U+0117 (decimal 279)
   defining Unicode char U+0118 (decimal 280)
   defining Unicode char U+0119 (decimal 281)
   defining Unicode char U+011A (decimal 282)
   defining Unicode char U+011B (decimal 283)
   defining Unicode char U+011C (decimal 284)
   defining Unicode char U+011D (decimal 285)
   defining Unicode char U+011E (decimal 286)
   defining Unicode char U+011F (decimal 287)
   defining Unicode char U+0120 (decimal 288)
   defining Unicode char U+0121 (decimal 289)
   defining Unicode char U+0122 (decimal 290)
   defining Unicode char U+0123 (decimal 291)
   defining Unicode char U+0124 (decimal 292)
   defining Unicode char U+0125 (decimal 293)
   defining Unicode char U+0128 (decimal 296)
   defining Unicode char U+0129 (decimal 297)
   defining Unicode char U+012A (decimal 298)
   defining Unicode char U+012B (decimal 299)
   defining Unicode char U+012C (decimal 300)
   defining Unicode char U+012D (decimal 301)
   defining Unicode char U+012E (decimal 302)
   defining Unicode char U+012F (decimal 303)
   defining Unicode char U+0130 (decimal 304)
   defining Unicode char U+0131 (decimal 305)
   defining Unicode char U+0132 (decimal 306)
   defining Unicode char U+0133 (decimal 307)
   defining Unicode char U+0134 (decimal 308)
   defining Unicode char U+0135 (decimal 309)
   defining Unicode char U+0136 (decimal 310)
   defining Unicode char U+0137 (decimal 311)
   defining Unicode char U+0139 (decimal 313)
   defining Unicode char U+013A (decimal 314)
   defining Unicode char U+013B (decimal 315)
   defining Unicode char U+013C (decimal 316)
   defining Unicode char U+013D (decimal 317)
   defining Unicode char U+013E (decimal 318)
   defining Unicode char U+0141 (decimal 321)
   defining Unicode char U+0142 (decimal 322)
   defining Unicode char U+0143 (decimal 323)
   defining Unicode char U+0144 (decimal 324)
   defining Unicode char U+0145 (decimal 325)
   defining Unicode char U+0146 (decimal 326)
   defining Unicode char U+0147 (decimal 327)
   defining Unicode char U+0148 (decimal 328)
   defining Unicode char U+014A (decimal 330)
   defining Unicode char U+014B (decimal 331)
   defining Unicode char U+014C (decimal 332)
   defining Unicode char U+014D (decimal 333)
   defining Unicode char U+014E (decimal 334)
   defining Unicode char U+014F (decimal 335)
   defining Unicode char U+0150 (decimal 336)
   defining Unicode char U+0151 (decimal 337)
   defining Unicode char U+0152 (decimal 338)
   defining Unicode char U+0153 (decimal 339)
   defining Unicode char U+0154 (decimal 340)
   defining Unicode char U+0155 (decimal 341)
   defining Unicode char U+0156 (decimal 342)
   defining Unicode char U+0157 (decimal 343)
   defining Unicode char U+0158 (decimal 344)
   defining Unicode char U+0159 (decimal 345)
   defining Unicode char U+015A (decimal 346)
   defining Unicode char U+015B (decimal 347)
   defining Unicode char U+015C (decimal 348)
   defining Unicode char U+015D (decimal 349)
   defining Unicode char U+015E (decimal 350)
   defining Unicode char U+015F (decimal 351)
   defining Unicode char U+0160 (decimal 352)
   defining Unicode char U+0161 (decimal 353)
   defining Unicode char U+0162 (decimal 354)
   defining Unicode char U+0163 (decimal 355)
   defining Unicode char U+0164 (decimal 356)
   defining Unicode char U+0165 (decimal 357)
   defining Unicode char U+0168 (decimal 360)
   defining Unicode char U+0169 (decimal 361)
   defining Unicode char U+016A (decimal 362)
   defining Unicode char U+016B (decimal 363)
   defining Unicode char U+016C (decimal 364)
   defining Unicode char U+016D (decimal 365)
   defining Unicode char U+016E (decimal 366)
   defining Unicode char U+016F (decimal 367)
   defining Unicode char U+0170 (decimal 368)
   defining Unicode char U+0171 (decimal 369)
   defining Unicode char U+0172 (decimal 370)
   defining Unicode char U+0173 (decimal 371)
   defining Unicode char U+0174 (decimal 372)
   defining Unicode char U+0175 (decimal 373)
   defining Unicode char U+0176 (decimal 374)
   defining Unicode char U+0177 (decimal 375)
   defining Unicode char U+0178 (decimal 376)
   defining Unicode char U+0179 (decimal 377)
   defining Unicode char U+017A (decimal 378)
   defining Unicode char U+017B (decimal 379)
   defining Unicode char U+017C (decimal 380)
   defining Unicode char U+017D (decimal 381)
   defining Unicode char U+017E (decimal 382)
   defining Unicode char U+01CD (decimal 461)
   defining Unicode char U+01CE (decimal 462)
   defining Unicode char U+01CF (decimal 463)
   defining Unicode char U+01D0 (decimal 464)
   defining Unicode char U+01D1 (decimal 465)
   defining Unicode char U+01D2 (decimal 466)
   defining Unicode char U+01D3 (decimal 467)
   defining Unicode char U+01D4 (decimal 468)
   defining Unicode char U+01E2 (decimal 482)
   defining Unicode char U+01E3 (decimal 483)
   defining Unicode char U+01E6 (decimal 486)
   defining Unicode char U+01E7 (decimal 487)
   defining Unicode char U+01E8 (decimal 488)
   defining Unicode char U+01E9 (decimal 489)
   defining Unicode char U+01EA (decimal 490)
   defining Unicode char U+01EB (decimal 491)
   defining Unicode char U+01F0 (decimal 496)
   defining Unicode char U+01F4 (decimal 500)
   defining Unicode char U+01F5 (decimal 501)
   defining Unicode char U+0218 (decimal 536)
   defining Unicode char U+0219 (decimal 537)
   defining Unicode char U+021A (decimal 538)
   defining Unicode char U+021B (decimal 539)
   defining Unicode char U+1E02 (decimal 7682)
   defining Unicode char U+1E03 (decimal 7683)
   defining Unicode char U+200C (decimal 8204)
   defining Unicode char U+2010 (decimal 8208)
   defining Unicode char U+2011 (decimal 8209)
   defining Unicode char U+2012 (decimal 8210)
   defining Unicode char U+2013 (decimal 8211)
   defining Unicode char U+2014 (decimal 8212)
   defining Unicode char U+2015 (decimal 8213)
   defining Unicode char U+2018 (decimal 8216)
   defining Unicode char U+2019 (decimal 8217)
   defining Unicode char U+201A (decimal 8218)
   defining Unicode char U+201C (decimal 8220)
   defining Unicode char U+201D (decimal 8221)
   defining Unicode char U+201E (decimal 8222)
   defining Unicode char U+2030 (decimal 8240)
   defining Unicode char U+2031 (decimal 8241)
   defining Unicode char U+2039 (decimal 8249)
   defining Unicode char U+203A (decimal 8250)
   defining Unicode char U+2423 (decimal 9251)
)
Now handling font encoding OT1 ...
... processing UTF-8 mapping file for font encoding OT1

(/usr/local/texlive/2016/texmf-dist/tex/latex/base/ot1enc.dfu
File: ot1enc.dfu 2016/02/28 v1.1s UTF-8 support for inputenc
   defining Unicode char U+00A0 (decimal 160)
   defining Unicode char U+00A1 (decimal 161)
   defining Unicode char U+00A3 (decimal 163)
   defining Unicode char U+00AD (decimal 173)
   defining Unicode char U+00B8 (decimal 184)
   defining Unicode char U+00BF (decimal 191)
   defining Unicode char U+00C5 (decimal 197)
   defining Unicode char U+00C6 (decimal 198)
   defining Unicode char U+00D8 (decimal 216)
   defining Unicode char U+00DF (decimal 223)
   defining Unicode char U+00E6 (decimal 230)
   defining Unicode char U+00EC (decimal 236)
   defining Unicode char U+00ED (decimal 237)
   defining Unicode char U+00EE (decimal 238)
   defining Unicode char U+00EF (decimal 239)
   defining Unicode char U+00F8 (decimal 248)
   defining Unicode char U+0131 (decimal 305)
   defining Unicode char U+0141 (decimal 321)
   defining Unicode char U+0142 (decimal 322)
   defining Unicode char U+0152 (decimal 338)
   defining Unicode char U+0153 (decimal 339)
   defining Unicode char U+0174 (decimal 372)
   defining Unicode char U+0175 (decimal 373)
   defining Unicode char U+0176 (decimal 374)
   defining Unicode char U+0177 (decimal 375)
   defining Unicode char U+0218 (decimal 536)
   defining Unicode char U+0219 (decimal 537)
   defining Unicode char U+021A (decimal 538)
   defining Unicode char U+021B (decimal 539)
   defining Unicode char U+2013 (decimal 8211)
   defining Unicode char U+2014 (decimal 8212)
   defining Unicode char U+2018 (decimal 8216)
   defining Unicode char U+2019 (decimal 8217)
   defining Unicode char U+201C (decimal 8220)
   defining Unicode char U+201D (decimal 8221)
)
Now handling font encoding OMS ...
... processing UTF-8 mapping file for font encoding OMS

(/usr/local/texlive/2016/texmf-dist/tex/latex/base/omsenc.dfu
File: omsenc.dfu 2016/02/28 v1.1s UTF-8 support for inputenc
   defining Unicode char U+00A7 (decimal 167)
   defining Unicode char U+00B6 (decimal 182)
   defining Unicode char U+00B7 (decimal 183)
   defining Unicode char U+2020 (decimal 8224)
   defining Unicode char U+2021 (decimal 8225)
   defining Unicode char U+2022 (decimal 8226)
)
Now handling font encoding OMX ...
... no UTF-8 mapping file for font encoding OMX
Now handling font encoding U ...
... no UTF-8 mapping file for font encoding U
   defining Unicode char U+00A9 (decimal 169)
   defining Unicode char U+00AA (decimal 170)
   defining Unicode char U+00AE (decimal 174)
   defining Unicode char U+00BA (decimal 186)
   defining Unicode char U+02C6 (decimal 710)
   defining Unicode char U+02DC (decimal 732)
   defining Unicode char U+200C (decimal 8204)
   defining Unicode char U+2026 (decimal 8230)
   defining Unicode char U+2122 (decimal 8482)
   defining Unicode char U+2423 (decimal 9251)
))
(/usr/local/texlive/2016/texmf-dist/tex/generic/babel/babel.sty
Package: babel 2016/04/23 3.9r The Babel package

(/usr/local/texlive/2016/texmf-dist/tex/generic/babel-dutch/dutch.ldf
Language: dutch 2005/03/30 v3.8i Dutch support from the babel system

(/usr/local/texlive/2016/texmf-dist/tex/generic/babel/babel.def
File: babel.def 2016/04/23 3.9r Babel common definitions
\babel@savecnt=\count140
\U@D=\dimen155
)
Package babel Info: Making " an active character on input line 132.
))
(/usr/local/texlive/2016/texmf-dist/tex/latex/psnfss/mathpazo.sty
Package: mathpazo 2005/04/12 PSNFSS-v9.2a Palatino w/ Pazo Math (D.Puga, WaS) 
\symupright=\mathgroup4
)
(/usr/local/texlive/2016/texmf-dist/tex/latex/graphics/graphicx.sty
Package: graphicx 2014/10/28 v1.0g Enhanced LaTeX Graphics (DPC,SPQR)

(/usr/local/texlive/2016/texmf-dist/tex/latex/graphics/graphics.sty
Package: graphics 2016/05/09 v1.0r Standard LaTeX Graphics (DPC,SPQR)

(/usr/local/texlive/2016/texmf-dist/tex/latex/graphics/trig.sty
Package: trig 2016/01/03 v1.10 sin cos tan (DPC)
)
(/usr/local/texlive/2016/texmf-dist/tex/latex/graphics-cfg/graphics.cfg
File: graphics.cfg 2016/01/02 v1.10 sample graphics configuration
)
Package graphics Info: Driver file: pdftex.def on input line 96.

(/usr/local/texlive/2016/texmf-dist/tex/latex/pdftex-def/pdftex.def
File: pdftex.def 2011/05/27 v0.06d Graphics/color for pdfTeX

(/usr/local/texlive/2016/texmf-dist/tex/generic/oberdiek/infwarerr.sty
Package: infwarerr 2016/05/16 v1.4 Providing info/warning/error messages (HO)
)
(/usr/local/texlive/2016/texmf-dist/tex/generic/oberdiek/ltxcmds.sty
Package: ltxcmds 2016/05/16 v1.23 LaTeX kernel commands for general use (HO)
)
\Gread@gobject=\count141
))
\Gin@req@height=\dimen156
\Gin@req@width=\dimen157
)
(/usr/local/texlive/2016/texmf-dist/tex/latex/microtype/microtype.sty
Package: microtype 2016/05/14 v2.6a Micro-typographical refinements (RS)
\MT@toks=\toks26
\MT@count=\count142
LaTeX Info: Redefining \textls on input line 774.
\MT@outer@kern=\dimen158
LaTeX Info: Redefining \textmicrotypecontext on input line 1310.
\MT@listname@count=\count143

(/usr/local/texlive/2016/texmf-dist/tex/latex/microtype/microtype-pdftex.def
File: microtype-pdftex.def 2016/05/14 v2.6a Definitions specific to pdftex (RS)

LaTeX Info: Redefining \lsstyle on input line 916.
LaTeX Info: Redefining \lslig on input line 916.
\MT@outer@space=\skip185
)
Package microtype Info: Loading configuration file microtype.cfg.

(/usr/local/texlive/2016/texmf-dist/tex/latex/microtype/microtype.cfg
File: microtype.cfg 2016/05/14 v2.6a microtype main configuration file (RS)
))

Class memoir Warning: You are using the caption package with the memoir class. 
To prepare we will now reset all captioning macros and configurations to kernel
 defaults, and then let the caption package take over. Please remember to use
 the caption package interfaces in order to
 configure your captions.

(/usr/local/texlive/2016/texmf-dist/tex/latex/caption/caption.sty
Package: caption 2016/02/21 v3.3-144 Customizing captions (AR)

(/usr/local/texlive/2016/texmf-dist/tex/latex/caption/caption3.sty
Package: caption3 2016/02/04 v1.7-139 caption3 kernel (AR)
Package caption3 Info: TeX engine: e-TeX on input line 67.
\captionmargin=\dimen159
\captionmargin@=\dimen160
\captionwidth=\dimen161
\caption@tempdima=\dimen162
\caption@indent=\dimen163
\caption@parindent=\dimen164
\caption@hangindent=\dimen165
)
\c@ContinuedFloat=\count144
)
\drop=\skip186

(./rm_verhaal.aux)
\openout1 = `rm_verhaal.aux'.

LaTeX Font Info:    Checking defaults for OML/cmm/m/it on input line 86.
LaTeX Font Info:    ... okay on input line 86.
LaTeX Font Info:    Checking defaults for T1/cmr/m/n on input line 86.
LaTeX Font Info:    ... okay on input line 86.
LaTeX Font Info:    Checking defaults for OT1/cmr/m/n on input line 86.
LaTeX Font Info:    ... okay on input line 86.
LaTeX Font Info:    Checking defaults for OMS/cmsy/m/n on input line 86.
LaTeX Font Info:    ... okay on input line 86.
LaTeX Font Info:    Checking defaults for OMX/cmex/m/n on input line 86.
LaTeX Font Info:    ... okay on input line 86.
LaTeX Font Info:    Checking defaults for U/cmr/m/n on input line 86.
LaTeX Font Info:    ... okay on input line 86.
LaTeX Font Info:    Try loading font information for OT1+ppl on input line 86.

(/usr/local/texlive/2016/texmf-dist/tex/latex/psnfss/ot1ppl.fd
File: ot1ppl.fd 2001/06/04 font definitions for OT1/ppl.
)
*geometry* driver: auto-detecting
*geometry* detected driver: pdftex
*geometry* verbose mode - [ preamble ] result:
* driver: pdftex
* paper: custom
* layout: <same size as paper>
* layoutoffset:(h,v)=(0.0pt,0.0pt)
* bindingoffset: 36.135pt
* modes: twoside 
* h-part:(L,W,R)=(32.52182pt, 189.70792pt, 48.78276pt)
* v-part:(T,H,B)=(59.62335pt, 347.79785pt, 89.43504pt)
* \paperwidth=307.14749pt
* \paperheight=496.85625pt
* \textwidth=189.70792pt
* \textheight=347.79785pt
* \oddsidemargin=-3.61317pt
* \evensidemargin=-23.48723pt
* \topmargin=-42.71413pt
* \headheight=12.0pt
* \headsep=18.06749pt
* \topskip=10.0pt
* \footskip=25.29494pt
* \marginparwidth=128.0pt
* \marginparsep=7.0pt
* \columnsep=10.0pt
* \skip\footins=12.0pt plus 4.0pt minus 4.0pt
* \hoffset=0.0pt
* \voffset=0.0pt
* \mag=1000
* \@twocolumnfalse
* \@twosidetrue
* \@mparswitchtrue
* \@reversemarginfalse
* (1in=72.27pt=25.4mm, 1cm=28.453pt)

\big@size=\dimen166
(/usr/local/texlive/2016/texmf-dist/tex/context/base/mkii/supp-pdf.mkii
[Loading MPS to PDF converter (version 2006.09.02).]
\scratchcounter=\count145
\scratchdimen=\dimen167
\scratchbox=\box29
\nofMPsegments=\count146
\nofMParguments=\count147
\everyMPshowfont=\toks27
\MPscratchCnt=\count148
\MPscratchDim=\dimen168
\MPnumerator=\count149
\makeMPintoPDFobject=\count150
\everyMPtoPDFconversion=\toks28
) (/usr/local/texlive/2016/texmf-dist/tex/generic/oberdiek/pdftexcmds.sty
Package: pdftexcmds 2016/05/10 v0.21 Utility functions of pdfTeX for LuaTeX (HO
)
Package pdftexcmds Info: LuaTeX not detected.
Package pdftexcmds Info: \pdf@primitive is available.
Package pdftexcmds Info: \pdf@ifprimitive is available.
Package pdftexcmds Info: \pdfdraftmode found.
)
(/usr/local/texlive/2016/texmf-dist/tex/latex/oberdiek/epstopdf-base.sty
Package: epstopdf-base 2016/05/15 v2.6 Base part for package epstopdf

(/usr/local/texlive/2016/texmf-dist/tex/latex/oberdiek/grfext.sty
Package: grfext 2016/05/16 v1.2 Manage graphics extensions (HO)

(/usr/local/texlive/2016/texmf-dist/tex/generic/oberdiek/kvdefinekeys.sty
Package: kvdefinekeys 2016/05/16 v1.4 Define keys (HO)
))
(/usr/local/texlive/2016/texmf-dist/tex/latex/oberdiek/kvoptions.sty
Package: kvoptions 2016/05/16 v3.12 Key value format for package options (HO)

(/usr/local/texlive/2016/texmf-dist/tex/generic/oberdiek/kvsetkeys.sty
Package: kvsetkeys 2016/05/16 v1.17 Key value parser (HO)

(/usr/local/texlive/2016/texmf-dist/tex/generic/oberdiek/etexcmds.sty
Package: etexcmds 2016/05/16 v1.6 Avoid name clashes with e-TeX commands (HO)
Package etexcmds Info: Could not find \expanded.
(etexcmds)             That can mean that you are not using pdfTeX 1.50 or
(etexcmds)             that some package has redefined \expanded.
(etexcmds)             In the latter case, load this package earlier.
)))
Package grfext Info: Graphics extension search list:
(grfext)             [.png,.pdf,.jpg,.mps,.jpeg,.jbig2,.jb2,.PNG,.PDF,.JPG,.JPE
G,.JBIG2,.JB2,.eps]
(grfext)             \AppendGraphicsExtensions on input line 456.

(/usr/local/texlive/2016/texmf-dist/tex/latex/latexconfig/epstopdf-sys.cfg
File: epstopdf-sys.cfg 2010/07/13 v1.3 Configuration of (r)epstopdf for TeX Liv
e
))
LaTeX Info: Redefining \microtypecontext on input line 86.
Package microtype Info: Generating PDF output.
Package microtype Info: Character protrusion enabled (level 2).
Package microtype Info: Using default protrusion set `alltext'.
Package microtype Info: Automatic font expansion enabled (level 2),
(microtype)             stretch: 20, shrink: 20, step: 1, non-selected.
Package microtype Info: Using default expansion set `basictext'.
Package microtype Info: No adjustment of tracking.
Package microtype Info: No adjustment of interword spacing.
Package microtype Info: No adjustment of character kerning.

(/usr/local/texlive/2016/texmf-dist/tex/latex/microtype/mt-ppl.cfg
File: mt-ppl.cfg 2005/11/16 v1.6 microtype config. file: Palatino (RS)
)
Package caption Info: Begin \AtBeginDocument code.
Package caption Info: End \AtBeginDocument code.
 [1

{/usr/local/texlive/2016/texmf-var/fonts/map/pdftex/updmap/pdftex.map}] [1

]
LaTeX Font Info:    Font shape `OT1/ppl/bx/n' in size <20.74> not available
(Font)              Font shape `OT1/ppl/b/n' tried instead on input line 110.

(./rm_verhaal.toc
LaTeX Font Info:    Font shape `OT1/ppl/bx/n' in size <10> not available
(Font)              Font shape `OT1/ppl/b/n' tried instead on input line 2.
LaTeX Font Info:    Try loading font information for OML+zplm on input line 2.

(/usr/local/texlive/2016/texmf-dist/tex/latex/psnfss/omlzplm.fd
File: omlzplm.fd 2002/09/08 Fontinst v1.914 font definitions for OML/zplm.
)
LaTeX Font Info:    Try loading font information for OMS+zplm on input line 2.

(/usr/local/texlive/2016/texmf-dist/tex/latex/psnfss/omszplm.fd
File: omszplm.fd 2002/09/08 Fontinst v1.914 font definitions for OMS/zplm.
)
LaTeX Font Info:    Try loading font information for OMX+zplm on input line 2.

(/usr/local/texlive/2016/texmf-dist/tex/latex/psnfss/omxzplm.fd
File: omxzplm.fd 2002/09/08 Fontinst v1.914 font definitions for OMX/zplm.
)
LaTeX Font Info:    Try loading font information for OT1+zplm on input line 2.

(/usr/local/texlive/2016/texmf-dist/tex/latex/psnfss/ot1zplm.fd
File: ot1zplm.fd 2002/09/08 Fontinst v1.914 font definitions for OT1/zplm.
)
Package microtype Info: Loading generic settings for font family
(microtype)             `zplm' (encoding: OT1).
(microtype)             For optimal results, create family-specific settings.
(microtype)             See the microtype manual for details.
LaTeX Font Info:    Font shape `OT1/ppl/bx/n' in size <10.95> not available
(Font)              Font shape `OT1/ppl/b/n' tried instead on input line 3.
 [2

] [3]
[4]) [5]
LaTeX Font Info:    Font shape `OT1/ppl/bx/n' in size <17.28> not available
(Font)              Font shape `OT1/ppl/b/n' tried instead on input line 116.
 [1



] [2]
LaTeX Font Info:    Font shape `OT1/ppl/bx/sc' in size <20.74> not available
(Font)              Font shape `OT1/ppl/b/sc' tried instead on input line 118.
 [3

]

! LaTeX Error: File `img/omaJasykofstr' not found.

See the LaTeX manual or LaTeX Companion for explanation.
Type  H <return>  for immediate help.
 ...                                              
                                                  
l.126 ...hics[width=\textwidth]{img/omaJasykofstr}
                                                  
I could not locate the file with any of these extensions:
.png,.pdf,.jpg,.mps,.jpeg,.jbig2,.jb2,.PNG,.PDF,.JPG,.JPEG,.JBIG2,.JB2,.eps
Try typing  <return>  to proceed.
If that doesn't work, type  X <return>  to quit.

LaTeX Font Info:    Font shape `OT1/ppl/bx/it' in size <10> not available
(Font)              Font shape `OT1/ppl/b/it' tried instead on input line 127.
[4] [5] [6]
Underfull \vbox (badness 10000) has occurred while \output is active []

 [7

]
[8] [9] [10] [11]
Underfull \hbox (badness 10000) in paragraph at lines 205--206
[]\OT1/ppl/m/it/10 (+20) Bij de foto staat `huisje Bak-kum'.
 []


Underfull \hbox (badness 3579) in paragraph at lines 205--206
\OT1/ppl/m/it/10 (+20) V.l.n.r.achterste rij: opa en oma Meijns,
 []

[12]
Underfull \vbox (badness 6348) has occurred while \output is active []

 [13

]

LaTeX Warning: File `img/...' not found on input line 229.


! LaTeX Error: Unknown graphics extension: ....

See the LaTeX manual or LaTeX Companion for explanation.
Type  H <return>  for immediate help.
 ...                                              
                                                  
l.229 \includegraphics[width=\textwidth]{img/...}
                                                 
Try typing  <return>  to proceed.
If that doesn't work, type  X <return>  to quit.

[14]

LaTeX Warning: File `img/...' not found on input line 242.


! LaTeX Error: Unknown graphics extension: ....

See the LaTeX manual or LaTeX Companion for explanation.
Type  H <return>  for immediate help.
 ...                                              
                                                  
l.242 \includegraphics[width=\textwidth]{img/...}
                                                 
Try typing  <return>  to proceed.
If that doesn't work, type  X <return>  to quit.

[15]

LaTeX Warning: File `img/...' not found on input line 251.


! LaTeX Error: Unknown graphics extension: ....

See the LaTeX manual or LaTeX Companion for explanation.
Type  H <return>  for immediate help.
 ...                                              
                                                  
l.251 \includegraphics[width=\textwidth]{img/...}
                                                 
Try typing  <return>  to proceed.
If that doesn't work, type  X <return>  to quit.


LaTeX Warning: File `img/...' not found on input line 262.


! LaTeX Error: Unknown graphics extension: ....

See the LaTeX manual or LaTeX Companion for explanation.
Type  H <return>  for immediate help.
 ...                                              
                                                  
l.262 \includegraphics[width=\textwidth]{img/...}
                                                 
Try typing  <return>  to proceed.
If that doesn't work, type  X <return>  to quit.


LaTeX Warning: File `img/...' not found on input line 267.


! LaTeX Error: Unknown graphics extension: ....

See the LaTeX manual or LaTeX Companion for explanation.
Type  H <return>  for immediate help.
 ...                                              
                                                  
l.267 \includegraphics[width=\textwidth]{img/...}
                                                 
Try typing  <return>  to proceed.
If that doesn't work, type  X <return>  to quit.


LaTeX Warning: File `img/...' not found on input line 272.


! LaTeX Error: Unknown graphics extension: ....

See the LaTeX manual or LaTeX Companion for explanation.
Type  H <return>  for immediate help.
 ...                                              
                                                  
l.272 \includegraphics[width=\textwidth]{img/...}
                                                 
Try typing  <return>  to proceed.
If that doesn't work, type  X <return>  to quit.

[16] [17] [18

] [19] [20

]

LaTeX Warning: File `img/...' not found on input line 285.


! LaTeX Error: Unknown graphics extension: ....

See the LaTeX manual or LaTeX Companion for explanation.
Type  H <return>  for immediate help.
 ...                                              
                                                  
l.285 \includegraphics[width=\textwidth]{img/...}
                                                 
Try typing  <return>  to proceed.
If that doesn't work, type  X <return>  to quit.


Underfull \vbox (badness 10000) has occurred while \output is active []

 [21]

LaTeX Warning: File `img/...' not found on input line 300.


! LaTeX Error: Unknown graphics extension: ....

See the LaTeX manual or LaTeX Companion for explanation.
Type  H <return>  for immediate help.
 ...                                              
                                                  
l.300 \includegraphics[width=\textwidth]{img/...}
                                                 
Try typing  <return>  to proceed.
If that doesn't work, type  X <return>  to quit.

[22]

LaTeX Warning: File `img/...' not found on input line 310.


! LaTeX Error: Unknown graphics extension: ....

See the LaTeX manual or LaTeX Companion for explanation.
Type  H <return>  for immediate help.
 ...                                              
                                                  
l.310 \includegraphics[width=\textwidth]{img/...}
                                                 
Try typing  <return>  to proceed.
If that doesn't work, type  X <return>  to quit.

[23]
Underfull \hbox (badness 1990) in paragraph at lines 318--319
[]\OT1/ppl/m/n/10 (+20) Een foto van het Zaanse elf-tal dat
 []


LaTeX Warning: File `img/...' not found on input line 321.


! LaTeX Error: Unknown graphics extension: ....

See the LaTeX manual or LaTeX Companion for explanation.
Type  H <return>  for immediate help.
 ...                                              
                                                  
l.321 \includegraphics[width=\textwidth]{img/...}
                                                 
Try typing  <return>  to proceed.
If that doesn't work, type  X <return>  to quit.

[24] [25] [26] [27] [28]

LaTeX Warning: File `img/...' not found on input line 380.


! LaTeX Error: Unknown graphics extension: ....

See the LaTeX manual or LaTeX Companion for explanation.
Type  H <return>  for immediate help.
 ...                                              
                                                  
l.380 \includegraphics[width=\textwidth]{img/...}
                                                 
Try typing  <return>  to proceed.
If that doesn't work, type  X <return>  to quit.

[29] [30]

LaTeX Warning: File `img/...' not found on input line 395.


! LaTeX Error: Unknown graphics extension: ....

See the LaTeX manual or LaTeX Companion for explanation.
Type  H <return>  for immediate help.
 ...                                              
                                                  
l.395 \includegraphics[width=\textwidth]{img/...}
                                                 
Try typing  <return>  to proceed.
If that doesn't work, type  X <return>  to quit.

[31]

LaTeX Warning: File `img/...' not found on input line 410.


! LaTeX Error: Unknown graphics extension: ....

See the LaTeX manual or LaTeX Companion for explanation.
Type  H <return>  for immediate help.
 ...                                              
                                                  
l.410 \includegraphics[width=\textwidth]{img/...}
                                                 
Try typing  <return>  to proceed.
If that doesn't work, type  X <return>  to quit.


LaTeX Warning: File `img/...' not found on input line 415.


! LaTeX Error: Unknown graphics extension: ....

See the LaTeX manual or LaTeX Companion for explanation.
Type  H <return>  for immediate help.
 ...                                              
                                                  
l.415 \includegraphics[width=\textwidth]{img/...}
                                                 
Try typing  <return>  to proceed.
If that doesn't work, type  X <return>  to quit.

[32]

LaTeX Warning: File `img/...' not found on input line 424.


! LaTeX Error: Unknown graphics extension: ....

See the LaTeX manual or LaTeX Companion for explanation.
Type  H <return>  for immediate help.
 ...                                              
                                                  
l.424 \includegraphics[width=\textwidth]{img/...}
                                                 
Try typing  <return>  to proceed.
If that doesn't work, type  X <return>  to quit.

[33]

LaTeX Warning: File `img/...' not found on input line 439.


! LaTeX Error: Unknown graphics extension: ....

See the LaTeX manual or LaTeX Companion for explanation.
Type  H <return>  for immediate help.
 ...                                              
                                                  
l.439 \includegraphics[width=\textwidth]{img/...}
                                                 
Try typing  <return>  to proceed.
If that doesn't work, type  X <return>  to quit.

[34]
Underfull \hbox (badness 1087) in paragraph at lines 446--447
\OT1/ppl/m/n/10 (+20) Gelukkig was de kleu-ter-school dicht-bij.
 []


Underfull \vbox (badness 2680) has occurred while \output is active []

 [35

]
[36]
Underfull \vbox (badness 10000) has occurred while \output is active []

 [37

]
[38]
Underfull \hbox (badness 1383) in paragraph at lines 473--474
\OT1/ppl/m/n/10 (+20) naar la-ter bleek ver-sterkt door Rooms-
 []


Underfull \hbox (badness 1888) in paragraph at lines 473--474
\OT1/ppl/m/n/10 (+20) Katholieke-geloofsgenoten uit Brabant---
 []

[39] [40]
Underfull \vbox (badness 4505) has occurred while \output is active []

 [41

]

LaTeX Warning: File `img/...' not found on input line 499.


! LaTeX Error: Unknown graphics extension: ....

See the LaTeX manual or LaTeX Companion for explanation.
Type  H <return>  for immediate help.
 ...                                              
                                                  
l.499 \includegraphics[width=\textwidth]{img/...}
                                                 
Try typing  <return>  to proceed.
If that doesn't work, type  X <return>  to quit.

[42]

LaTeX Warning: File `img/...' not found on input line 520.


! LaTeX Error: Unknown graphics extension: ....

See the LaTeX manual or LaTeX Companion for explanation.
Type  H <return>  for immediate help.
 ...                                              
                                                  
l.520 \includegraphics[width=\textwidth]{img/...}
                                                 
Try typing  <return>  to proceed.
If that doesn't work, type  X <return>  to quit.

[43] [44]
Underfull \vbox (badness 6348) has occurred while \output is active []

 [45

]

LaTeX Warning: File `img/...' not found on input line 544.


! LaTeX Error: Unknown graphics extension: ....

See the LaTeX manual or LaTeX Companion for explanation.
Type  H <return>  for immediate help.
 ...                                              
                                                  
l.544 \includegraphics[width=\textwidth]{img/...}
                                                 
Try typing  <return>  to proceed.
If that doesn't work, type  X <return>  to quit.

[46] [47] [48

]
Underfull \vbox (badness 10000) has occurred while \output is active []

 [49]
[50]
Underfull \vbox (badness 6364) has occurred while \output is active []

 [51

]

LaTeX Warning: File `img/...' not found on input line 583.


! LaTeX Error: Unknown graphics extension: ....

See the LaTeX manual or LaTeX Companion for explanation.
Type  H <return>  for immediate help.
 ...                                              
                                                  
l.583 \includegraphics[width=\textwidth]{img/...}
                                                 
Try typing  <return>  to proceed.
If that doesn't work, type  X <return>  to quit.

[52] [53] [54] [55] [56]
Underfull \vbox (badness 10000) has occurred while \output is active []

 [57

]

LaTeX Warning: File `img/...' not found on input line 627.


! LaTeX Error: Unknown graphics extension: ....

See the LaTeX manual or LaTeX Companion for explanation.
Type  H <return>  for immediate help.
 ...                                              
                                                  
l.627 \includegraphics[width=\textwidth]{img/...}
                                                 
Try typing  <return>  to proceed.
If that doesn't work, type  X <return>  to quit.

[58]

LaTeX Warning: File `img/...' not found on input line 638.


! LaTeX Error: Unknown graphics extension: ....

See the LaTeX manual or LaTeX Companion for explanation.
Type  H <return>  for immediate help.
 ...                                              
                                                  
l.638 \includegraphics[width=\textwidth]{img/...}
                                                 
Try typing  <return>  to proceed.
If that doesn't work, type  X <return>  to quit.


LaTeX Warning: File `img/...' not found on input line 645.


! LaTeX Error: Unknown graphics extension: ....

See the LaTeX manual or LaTeX Companion for explanation.
Type  H <return>  for immediate help.
 ...                                              
                                                  
l.645 \includegraphics[width=\textwidth]{img/...}
                                                 
Try typing  <return>  to proceed.
If that doesn't work, type  X <return>  to quit.

[59] [60]

LaTeX Warning: File `img/...' not found on input line 659.


! LaTeX Error: Unknown graphics extension: ....

See the LaTeX manual or LaTeX Companion for explanation.
Type  H <return>  for immediate help.
 ...                                              
                                                  
l.659 \includegraphics[width=\textwidth]{img/...}
                                                 
Try typing  <return>  to proceed.
If that doesn't work, type  X <return>  to quit.


Underfull \vbox (badness 10000) has occurred while \output is active []

 [61

]
[62]

LaTeX Warning: File `img/...' not found on input line 676.


! LaTeX Error: Unknown graphics extension: ....

See the LaTeX manual or LaTeX Companion for explanation.
Type  H <return>  for immediate help.
 ...                                              
                                                  
l.676 \includegraphics[width=\textwidth]{img/...}
                                                 
Try typing  <return>  to proceed.
If that doesn't work, type  X <return>  to quit.

[63] [64

] [65] [66]
Underfull \vbox (badness 10000) has occurred while \output is active []

 [67

]

LaTeX Warning: File `img/...' not found on input line 701.


! LaTeX Error: Unknown graphics extension: ....

See the LaTeX manual or LaTeX Companion for explanation.
Type  H <return>  for immediate help.
 ...                                              
                                                  
l.701 \includegraphics[width=\textwidth]{img/...}
                                                 
Try typing  <return>  to proceed.
If that doesn't work, type  X <return>  to quit.

[68] [69] [70

]
Underfull \vbox (badness 6348) has occurred while \output is active []

 [71]
[72] [73]
Underfull \hbox (badness 10000) in paragraph at lines 736--737
[]\OT1/ppl/m/n/10 (+20) Gehandicapt door een klomp-voet
 []


! Class memoir Error: Font command \bf is not supported.

See the memoir class documentation for explanation.
Type  H <return>  for immediate help.
 ...                                              
                                                  
l.738 ... een uitvoering van Wassermusik \bf
                                                  {[CHECK, was `Water Music'...

Use \textbf, or \bfseries{...}, or the oldfontcommands option

[74]

LaTeX Warning: File `img/...' not found on input line 747.


! LaTeX Error: Unknown graphics extension: ....

See the LaTeX manual or LaTeX Companion for explanation.
Type  H <return>  for immediate help.
 ...                                              
                                                  
l.747 \includegraphics[width=\textwidth]{img/...}
                                                 
Try typing  <return>  to proceed.
If that doesn't work, type  X <return>  to quit.

[75] [76

]
Underfull \vbox (badness 10000) has occurred while \output is active []

 [77]
[78] [79]

LaTeX Warning: File `img/...' not found on input line 769.


! LaTeX Error: Unknown graphics extension: ....

See the LaTeX manual or LaTeX Companion for explanation.
Type  H <return>  for immediate help.
 ...                                              
                                                  
l.769 \includegraphics[width=\textwidth]{img/...}
                                                 
Try typing  <return>  to proceed.
If that doesn't work, type  X <return>  to quit.

[80] [81]

LaTeX Warning: File `img/...' not found on input line 790.


! LaTeX Error: Unknown graphics extension: ....

See the LaTeX manual or LaTeX Companion for explanation.
Type  H <return>  for immediate help.
 ...                                              
                                                  
l.790 \includegraphics[width=\textwidth]{img/...}
                                                 
Try typing  <return>  to proceed.
If that doesn't work, type  X <return>  to quit.

[82] [83] [84

]
Underfull \vbox (badness 10000) has occurred while \output is active []

 [85]

LaTeX Warning: File `img/...' not found on input line 812.


! LaTeX Error: Unknown graphics extension: ....

See the LaTeX manual or LaTeX Companion for explanation.
Type  H <return>  for immediate help.
 ...                                              
                                                  
l.812 \includegraphics[width=\textwidth]{img/...}
                                                 
Try typing  <return>  to proceed.
If that doesn't work, type  X <return>  to quit.

[86]
Underfull \vbox (badness 5893) has occurred while \output is active []

 [87

]
[88]
Underfull \vbox (badness 10000) has occurred while \output is active []

 [89

]
[90]

LaTeX Warning: File `img/...' not found on input line 844.


! LaTeX Error: Unknown graphics extension: ....

See the LaTeX manual or LaTeX Companion for explanation.
Type  H <return>  for immediate help.
 ...                                              
                                                  
l.844 \includegraphics[width=\textwidth]{img/...}
                                                 
Try typing  <return>  to proceed.
If that doesn't work, type  X <return>  to quit.


Underfull \vbox (badness 5302) has occurred while \output is active []

 [91

]
Underfull \hbox (badness 1490) in paragraph at lines 852--853
\OT1/ppl/m/n/10 (+20) wiel-pad. M'n va-der on-der het bloed,
 []

[92] [93] [94

]

LaTeX Warning: File `img/...' not found on input line 870.


! LaTeX Error: Unknown graphics extension: ....

See the LaTeX manual or LaTeX Companion for explanation.
Type  H <return>  for immediate help.
 ...                                              
                                                  
l.870 \includegraphics[width=\textwidth]{img/...}
                                                 
Try typing  <return>  to proceed.
If that doesn't work, type  X <return>  to quit.


Underfull \vbox (badness 5302) has occurred while \output is active []

 [95]

LaTeX Warning: File `img/...' not found on input line 883.


! LaTeX Error: Unknown graphics extension: ....

See the LaTeX manual or LaTeX Companion for explanation.
Type  H <return>  for immediate help.
 ...                                              
                                                  
l.883 \includegraphics[width=\textwidth]{img/...}
                                                 
Try typing  <return>  to proceed.
If that doesn't work, type  X <return>  to quit.

[96] [97]

LaTeX Warning: File `img/...' not found on input line 900.


! LaTeX Error: Unknown graphics extension: ....

See the LaTeX manual or LaTeX Companion for explanation.
Type  H <return>  for immediate help.
 ...                                              
                                                  
l.900 \includegraphics[width=\textwidth]{img/...}
                                                 
Try typing  <return>  to proceed.
If that doesn't work, type  X <return>  to quit.

[98]
Underfull \hbox (badness 1092) in paragraph at lines 911--912
\OT1/ppl/m/n/10 (+20) di-eet kan-ker bij men-sen zou
 []


Underfull \hbox (badness 1005) in paragraph at lines 913--914
\OT1/ppl/m/n/10 (+20) bij de re-gu-liere ge-nees-kunde.
 []

[99] [100] [101] [102

] [103] [104

] [105] [106]

LaTeX Warning: File `img/...' not found on input line 945.


! LaTeX Error: Unknown graphics extension: ....

See the LaTeX manual or LaTeX Companion for explanation.
Type  H <return>  for immediate help.
 ...                                              
                                                  
l.945 \includegraphics[width=\textwidth]{img/...}
                                                 
Try typing  <return>  to proceed.
If that doesn't work, type  X <return>  to quit.

[107]

LaTeX Warning: File `img/...' not found on input line 964.


! LaTeX Error: Unknown graphics extension: ....

See the LaTeX manual or LaTeX Companion for explanation.
Type  H <return>  for immediate help.
 ...                                              
                                                  
l.964 \includegraphics[width=\textwidth]{img/...}
                                                 
Try typing  <return>  to proceed.
If that doesn't work, type  X <return>  to quit.

[108] [109] [110] [111

] [112

]
Underfull \vbox (badness 10000) has occurred while \output is active []

 [113]
[114]

! Package inputenc Error: Unicode char  (U+2028)
(inputenc)                not set up for use with LaTeX.

See the inputenc package documentation for explanation.
Type  H <return>  for immediate help.
 ...                                              
                                                  
l.996 
         
Your command was ignored.
Type  I <command> <return>  to replace it with another command,
or  <return>  to continue without it.


Underfull \vbox (badness 10000) has occurred while \output is active []

 [115

]
[116] [117] [118]

LaTeX Warning: File `img/...' not found on input line 1022.


! LaTeX Error: Unknown graphics extension: ....

See the LaTeX manual or LaTeX Companion for explanation.
Type  H <return>  for immediate help.
 ...                                              
                                                  
l.1022 \includegraphics[width=\textwidth]{img/...}
                                                  
Try typing  <return>  to proceed.
If that doesn't work, type  X <return>  to quit.


Underfull \vbox (badness 10000) has occurred while \output is active []

 [119

]
[120] [121]
! Misplaced alignment tab character &.
l.1046 ...rschil met de gladde jaren vijftig rock&
                                                  roll die alle bandjes in d...
I can't figure out why you would want to use a tab mark
here. If you just want an ampersand, the remedy is
simple: Just type `I\&' now. But if some right brace
up above has ended a previous alignment prematurely,
you're probably due for more error messages, and you
might try typing `S' now just to see what is salvageable.


LaTeX Warning: File `img/...' not found on input line 1049.


! LaTeX Error: Unknown graphics extension: ....

See the LaTeX manual or LaTeX Companion for explanation.
Type  H <return>  for immediate help.
 ...                                              
                                                  
l.1049 \includegraphics[width=\textwidth]{img/...}
                                                  
Try typing  <return>  to proceed.
If that doesn't work, type  X <return>  to quit.


LaTeX Warning: File `img/...' not found on input line 1054.


! LaTeX Error: Unknown graphics extension: ....

See the LaTeX manual or LaTeX Companion for explanation.
Type  H <return>  for immediate help.
 ...                                              
                                                  
l.1054 \includegraphics[width=\textwidth]{img/...}
                                                  
Try typing  <return>  to proceed.
If that doesn't work, type  X <return>  to quit.

[122] [123] [124

]
Underfull \vbox (badness 10000) has occurred while \output is active []

 [125]
[126]
Underfull \hbox (badness 2486) in paragraph at lines 1071--1072
[]\OT1/ppl/m/n/10 (+20) Alles was aan-we-zig voor een fijne
 []

[127] [128] [129]

LaTeX Warning: File `img/...' not found on input line 1086.


! LaTeX Error: Unknown graphics extension: ....

See the LaTeX manual or LaTeX Companion for explanation.
Type  H <return>  for immediate help.
 ...                                              
                                                  
l.1086 \includegraphics[width=\textwidth]{img/...}
                                                  
Try typing  <return>  to proceed.
If that doesn't work, type  X <return>  to quit.

[130] [131] [132]
Underfull \vbox (badness 10000) has occurred while \output is active []

 [133

]
[134]
Underfull \hbox (badness 1005) in paragraph at lines 1119--1120
[]\OT1/ppl/m/n/10 (+20) Door onze po-pu-la-ri-teit in de Tu-dor,
 []

[135]

LaTeX Warning: File `img/...' not found on input line 1124.


! LaTeX Error: Unknown graphics extension: ....

See the LaTeX manual or LaTeX Companion for explanation.
Type  H <return>  for immediate help.
 ...                                              
                                                  
l.1124 \includegraphics[width=\textwidth]{img/...}
                                                  
Try typing  <return>  to proceed.
If that doesn't work, type  X <return>  to quit.

[136]
Underfull \vbox (badness 10000) has occurred while \output is active []

 [137

]
[138] [139] [140]

LaTeX Warning: File `img/...' not found on input line 1153.


! LaTeX Error: Unknown graphics extension: ....

See the LaTeX manual or LaTeX Companion for explanation.
Type  H <return>  for immediate help.
 ...                                              
                                                  
l.1153 \includegraphics[width=\textwidth]{img/...}
                                                  
Try typing  <return>  to proceed.
If that doesn't work, type  X <return>  to quit.

[141] [142

]
Underfull \vbox (badness 10000) has occurred while \output is active []

 [143]
! Misplaced alignment tab character &.
l.1168 ... we speelden daarna veel ruiger, meer R&
                                                  B, zeker dan wat ik in The...
I can't figure out why you would want to use a tab mark
here. If you just want an ampersand, the remedy is
simple: Just type `I\&' now. But if some right brace
up above has ended a previous alignment prematurely,
you're probably due for more error messages, and you
might try typing `S' now just to see what is salvageable.

[144] [145] [146] [147] [148]
Underfull \vbox (badness 4505) has occurred while \output is active []

 [149

]
! Misplaced alignment tab character &.
l.1218 ... Ahoy, Rotterdam, Netherlands: The Flo &
                                                   Eddy tour. Toen we eindel...
I can't figure out why you would want to use a tab mark
here. If you just want an ampersand, the remedy is
simple: Just type `I\&' now. But if some right brace
up above has ended a previous alignment prematurely,
you're probably due for more error messages, and you
might try typing `S' now just to see what is salvageable.

[150] [151] [152] [153]
Underfull \hbox (badness 1354) in paragraph at lines 1246--1247
\OT1/ppl/m/n/10 (+20) hoe-wel de lengte me al-tijd te-gen-stond.
 []

[154]

! Package inputenc Error: Unicode char  (U+2028)
(inputenc)                not set up for use with LaTeX.

See the inputenc package documentation for explanation.
Type  H <return>  for immediate help.
 ...                                              
                                                  
l.1250 ...e kon hem uitknijpen na het concert. 
                                                  
Your command was ignored.
Type  I <command> <return>  to replace it with another command,
or  <return>  to continue without it.

[155] [156] [157

] [158]
Underfull \vbox (badness 10000) has occurred while \output is active []

 [159

]
[160] [161] [162]
Underfull \hbox (badness 1137) in paragraph at lines 1309--1310
\OT1/ppl/m/n/10 (+20) zaam-he-den lag merkte ik pas door de
 []

[163] [164]
Underfull \hbox (badness 4168) in paragraph at lines 1327--1329
[]\OT1/ppl/m/n/10 (+20) Aan de ach-ter-kant van het woon-
 []

[165]

LaTeX Warning: File `img/...' not found on input line 1335.


! LaTeX Error: Unknown graphics extension: ....

See the LaTeX manual or LaTeX Companion for explanation.
Type  H <return>  for immediate help.
 ...                                              
                                                  
l.1335 \includegraphics[width=\textwidth]{img/...}
                                                  
Try typing  <return>  to proceed.
If that doesn't work, type  X <return>  to quit.

[166] [167] [168]
Underfull \vbox (badness 10000) has occurred while \output is active []

 [169

]
[170] [171] [172]
Underfull \vbox (badness 10000) has occurred while \output is active []

 [173

]
[174] [175

] [176

]
Overfull \hbox (32.16652pt too wide) in paragraph at lines 1404--1404
 []\OT1/ppl/b/sc/20.74 Schoonmaakbedrijf 
 []


Underfull \vbox (badness 10000) has occurred while \output is active []

 [177]
[178]
Underfull \hbox (badness 6204) in paragraph at lines 1421--1422
[]\OT1/ppl/m/n/10 (+20) Henny Cor-net, ei-ge-naar van caf[]e-
 []

[179]

LaTeX Warning: File `img/...' not found on input line 1434.


! LaTeX Error: Unknown graphics extension: ....

See the LaTeX manual or LaTeX Companion for explanation.
Type  H <return>  for immediate help.
 ...                                              
                                                  
l.1434 \includegraphics[width=\textwidth]{img/...}
                                                  
Try typing  <return>  to proceed.
If that doesn't work, type  X <return>  to quit.

[180] [181] [182] [183] [184] [185] [186] [187] [188]
Underfull \hbox (badness 1502) in paragraph at lines 1493--1494
[]\OT1/ppl/m/n/10 (+20) NZVoorburgwal in Het Kas-teel van
 []


Underfull \vbox (badness 6348) has occurred while \output is active []

 [189

]
[190] [191]

LaTeX Warning: File `img/...' not found on input line 1512.


! LaTeX Error: Unknown graphics extension: ....

See the LaTeX manual or LaTeX Companion for explanation.
Type  H <return>  for immediate help.
 ...                                              
                                                  
l.1512 \includegraphics[width=\textwidth]{img/...}
                                                  
Try typing  <return>  to proceed.
If that doesn't work, type  X <return>  to quit.

[192]
Underfull \hbox (badness 5533) in paragraph at lines 1528--1530
[]\OT1/ppl/m/n/10 (+20) Ik weet nog de dag dat Tsjecho-
 []

[193]
Underfull \hbox (badness 1888) in paragraph at lines 1539--1540
\OT1/ppl/m/n/10 (+20) drums en kla-ri-net, waar-door soms de
 []

[194]
Underfull \hbox (badness 7256) in paragraph at lines 1545--1546
[]\OT1/ppl/m/n/10 (+20) Olga was ge-zakt voor het MMS-
 []


LaTeX Warning: File `img/...' not found on input line 1550.


! LaTeX Error: Unknown graphics extension: ....

See the LaTeX manual or LaTeX Companion for explanation.
Type  H <return>  for immediate help.
 ...                                              
                                                  
l.1550 \includegraphics[width=\textwidth]{img/...}
                                                  
Try typing  <return>  to proceed.
If that doesn't work, type  X <return>  to quit.


LaTeX Warning: File `img/...' not found on input line 1555.


! LaTeX Error: Unknown graphics extension: ....

See the LaTeX manual or LaTeX Companion for explanation.
Type  H <return>  for immediate help.
 ...                                              
                                                  
l.1555 \includegraphics[width=\textwidth]{img/...}
                                                  
Try typing  <return>  to proceed.
If that doesn't work, type  X <return>  to quit.

[195] [196]

LaTeX Warning: File `img/...' not found on input line 1572.


! LaTeX Error: Unknown graphics extension: ....

See the LaTeX manual or LaTeX Companion for explanation.
Type  H <return>  for immediate help.
 ...                                              
                                                  
l.1572 \includegraphics[width=\textwidth]{img/...}
                                                  
Try typing  <return>  to proceed.
If that doesn't work, type  X <return>  to quit.


LaTeX Warning: File `img/...' not found on input line 1579.


! LaTeX Error: Unknown graphics extension: ....

See the LaTeX manual or LaTeX Companion for explanation.
Type  H <return>  for immediate help.
 ...                                              
                                                  
l.1579 \includegraphics[width=\textwidth]{img/...}
                                                  
Try typing  <return>  to proceed.
If that doesn't work, type  X <return>  to quit.

[197]

LaTeX Warning: File `img/...' not found on input line 1588.


! LaTeX Error: Unknown graphics extension: ....

See the LaTeX manual or LaTeX Companion for explanation.
Type  H <return>  for immediate help.
 ...                                              
                                                  
l.1588 \includegraphics[width=\textwidth]{img/...}
                                                  
Try typing  <return>  to proceed.
If that doesn't work, type  X <return>  to quit.


Underfull \hbox (badness 1152) in paragraph at lines 1596--1597
\OT1/ppl/m/n/10 (+20) Bor-ger-hof die ver-taalde, de te-lexen be-
 []


Underfull \hbox (badness 1210) in paragraph at lines 1596--1597
\OT1/ppl/m/n/10 (+20) had thuis een schil-de-rij uit de Haagse
 []

[198] [199] [200

]
! Undefined control sequence.
l.1606 De eerste tijd moest ik m'n kaart\footnot
                                                {CHECK wat voor kaart?} verl...
The control sequence at the end of the top line
of your error message was never \def'ed. If you have
misspelled it (e.g., `\hobx'), type `I' and the correct
spelling (e.g., `I\hbox'). Otherwise just continue,
and I'll forget about whatever was undefined.

! Undefined control sequence.
l.1606 ...entrum bij de bedrijfsvereniging\footnot
                                                  {CHECK welke bedrijfsveren...
The control sequence at the end of the top line
of your error message was never \def'ed. If you have
misspelled it (e.g., `\hobx'), type `I' and the correct
spelling (e.g., `I\hbox'). Otherwise just continue,
and I'll forget about whatever was undefined.


LaTeX Warning: File `img/...' not found on input line 1609.


! LaTeX Error: Unknown graphics extension: ....

See the LaTeX manual or LaTeX Companion for explanation.
Type  H <return>  for immediate help.
 ...                                              
                                                  
l.1609 \includegraphics[width=\textwidth]{img/...}
                                                  
Try typing  <return>  to proceed.
If that doesn't work, type  X <return>  to quit.


Underfull \vbox (badness 10000) has occurred while \output is active []

 [201]
[202]

LaTeX Warning: File `img/...' not found on input line 1618.


! LaTeX Error: Unknown graphics extension: ....

See the LaTeX manual or LaTeX Companion for explanation.
Type  H <return>  for immediate help.
 ...                                              
                                                  
l.1618 \includegraphics[width=\textwidth]{img/...}
                                                  
Try typing  <return>  to proceed.
If that doesn't work, type  X <return>  to quit.


LaTeX Warning: File `img/...' not found on input line 1625.


! LaTeX Error: Unknown graphics extension: ....

See the LaTeX manual or LaTeX Companion for explanation.
Type  H <return>  for immediate help.
 ...                                              
                                                  
l.1625 \includegraphics[width=\textwidth]{img/...}
                                                  
Try typing  <return>  to proceed.
If that doesn't work, type  X <return>  to quit.

[203] [204]

LaTeX Warning: File `img/...' not found on input line 1642.


! LaTeX Error: Unknown graphics extension: ....

See the LaTeX manual or LaTeX Companion for explanation.
Type  H <return>  for immediate help.
 ...                                              
                                                  
l.1642 \includegraphics[width=\textwidth]{img/...}
                                                  
Try typing  <return>  to proceed.
If that doesn't work, type  X <return>  to quit.

! Misplaced alignment tab character &.
<argument> ...orespaces {\foottextfont CHEcK wie &
                                                   wanneer?}\@finalstrut \st...
l.1646 ...werkt had\footnote{CHEcK wie & wanneer?}
                                                  . Het was een bonte tijd. ...
I can't figure out why you would want to use a tab mark
here. If you just want an ampersand, the remedy is
simple: Just type `I\&' now. But if some right brace
up above has ended a previous alignment prematurely,
you're probably due for more error messages, and you
might try typing `S' now just to see what is salvageable.

[205] [206]

LaTeX Warning: File `img/...' not found on input line 1658.


! LaTeX Error: Unknown graphics extension: ....

See the LaTeX manual or LaTeX Companion for explanation.
Type  H <return>  for immediate help.
 ...                                              
                                                  
l.1658 \includegraphics[width=\textwidth]{img/...}
                                                  
Try typing  <return>  to proceed.
If that doesn't work, type  X <return>  to quit.


Underfull \vbox (badness 5893) has occurred while \output is active []

 [207

]
[208]

LaTeX Warning: File `img/...' not found on input line 1675.


! LaTeX Error: Unknown graphics extension: ....

See the LaTeX manual or LaTeX Companion for explanation.
Type  H <return>  for immediate help.
 ...                                              
                                                  
l.1675 \includegraphics[width=\textwidth]{img/...}
                                                  
Try typing  <return>  to proceed.
If that doesn't work, type  X <return>  to quit.

[209] [210] [211] [212] [213]

LaTeX Warning: File `img/...' not found on input line 1714.


! LaTeX Error: Unknown graphics extension: ....

See the LaTeX manual or LaTeX Companion for explanation.
Type  H <return>  for immediate help.
 ...                                              
                                                  
l.1714 \includegraphics[width=\textwidth]{img/...}
                                                  
Try typing  <return>  to proceed.
If that doesn't work, type  X <return>  to quit.

[214] [215] [216]

LaTeX Warning: File `img/...' not found on input line 1731.


! LaTeX Error: Unknown graphics extension: ....

See the LaTeX manual or LaTeX Companion for explanation.
Type  H <return>  for immediate help.
 ...                                              
                                                  
l.1731 \includegraphics[width=\textwidth]{img/...}
                                                  
Try typing  <return>  to proceed.
If that doesn't work, type  X <return>  to quit.


LaTeX Warning: File `img/...' not found on input line 1742.


! LaTeX Error: Unknown graphics extension: ....

See the LaTeX manual or LaTeX Companion for explanation.
Type  H <return>  for immediate help.
 ...                                              
                                                  
l.1742 \includegraphics[width=\textwidth]{img/...}
                                                  
Try typing  <return>  to proceed.
If that doesn't work, type  X <return>  to quit.

[217]

LaTeX Warning: File `img/...' not found on input line 1753.


! LaTeX Error: Unknown graphics extension: ....

See the LaTeX manual or LaTeX Companion for explanation.
Type  H <return>  for immediate help.
 ...                                              
                                                  
l.1753 \includegraphics[width=\textwidth]{img/...}
                                                  
Try typing  <return>  to proceed.
If that doesn't work, type  X <return>  to quit.

[218] [219]

LaTeX Warning: File `img/...' not found on input line 1770.


! LaTeX Error: Unknown graphics extension: ....

See the LaTeX manual or LaTeX Companion for explanation.
Type  H <return>  for immediate help.
 ...                                              
                                                  
l.1770 \includegraphics[width=\textwidth]{img/...}
                                                  
Try typing  <return>  to proceed.
If that doesn't work, type  X <return>  to quit.

[220] [221] [222]
Underfull \vbox (badness 6364) has occurred while \output is active []

 [223

]
[224]
Underfull \hbox (badness 2478) in paragraph at lines 1805--1806
[]\OT1/ppl/m/n/10 (+20) Het wa-ren aan-ge-name we-ken. Ik
 []

[225] [226]

LaTeX Warning: File `img/...' not found on input line 1819.


! LaTeX Error: Unknown graphics extension: ....

See the LaTeX manual or LaTeX Companion for explanation.
Type  H <return>  for immediate help.
 ...                                              
                                                  
l.1819 \includegraphics[width=\textwidth]{img/...}
                                                  
Try typing  <return>  to proceed.
If that doesn't work, type  X <return>  to quit.


Underfull \vbox (badness 10000) has occurred while \output is active []

 [227

]

LaTeX Warning: File `img/...' not found on input line 1830.


! LaTeX Error: Unknown graphics extension: ....

See the LaTeX manual or LaTeX Companion for explanation.
Type  H <return>  for immediate help.
 ...                                              
                                                  
l.1830 \includegraphics[width=\textwidth]{img/...}
                                                  
Try typing  <return>  to proceed.
If that doesn't work, type  X <return>  to quit.

[228] [229] [230]
Underfull \vbox (badness 10000) has occurred while \output is active []

 [231

]
[232] [233] [234]

LaTeX Warning: File `img/...' not found on input line 1884.


! LaTeX Error: Unknown graphics extension: ....

See the LaTeX manual or LaTeX Companion for explanation.
Type  H <return>  for immediate help.
 ...                                              
                                                  
l.1884 \includegraphics[width=\textwidth]{img/...}
                                                  
Try typing  <return>  to proceed.
If that doesn't work, type  X <return>  to quit.


! Package inputenc Error: Unicode char  (U+2212)
(inputenc)                not set up for use with LaTeX.

See the inputenc package documentation for explanation.
Type  H <return>  for immediate help.
 ...                                              
                                                  
l.1890 ... geholpen, jij kan er ook nog wel bij.'}
                                                  
Your command was ignored.
Type  I <command> <return>  to replace it with another command,
or  <return>  to continue without it.

[235] [236]

LaTeX Warning: File `img/...' not found on input line 1901.


! LaTeX Error: Unknown graphics extension: ....

See the LaTeX manual or LaTeX Companion for explanation.
Type  H <return>  for immediate help.
 ...                                              
                                                  
l.1901 \includegraphics[width=\textwidth]{img/...}
                                                  
Try typing  <return>  to proceed.
If that doesn't work, type  X <return>  to quit.


Underfull \hbox (badness 1946) in paragraph at lines 1905--1906
[]\OT1/ppl/m/n/10 (+20) Een me-vrouw uit Sant-poort Noord,
 []

[237] [238]
Underfull \hbox (badness 10000) in paragraph at lines 1913--1915
[]\OT1/ppl/m/n/10 (+20) Arbeidsbemiddeling bij de So-ci-ale
 []


Underfull \hbox (badness 1237) in paragraph at lines 1913--1915
\OT1/ppl/m/n/10 (+20) wet-hou-ders van IJ-mond gin-gen ver-der;
 []


Underfull \hbox (badness 4608) in paragraph at lines 1913--1915
\OT1/ppl/m/n/10 (+20) Be-ver-wijk. De sa-men-wer-king moest
 []


LaTeX Warning: File `img/...' not found on input line 1917.


! LaTeX Error: Unknown graphics extension: ....

See the LaTeX manual or LaTeX Companion for explanation.
Type  H <return>  for immediate help.
 ...                                              
                                                  
l.1917 \includegraphics[width=\textwidth]{img/...}
                                                  
Try typing  <return>  to proceed.
If that doesn't work, type  X <return>  to quit.

[239] [240] [241]

LaTeX Warning: File `img/...' not found on input line 1942.


! LaTeX Error: Unknown graphics extension: ....

See the LaTeX manual or LaTeX Companion for explanation.
Type  H <return>  for immediate help.
 ...                                              
                                                  
l.1942 \includegraphics[width=\textwidth]{img/...}
                                                  
Try typing  <return>  to proceed.
If that doesn't work, type  X <return>  to quit.

[242]

LaTeX Warning: File `img/...' not found on input line 1959.


! LaTeX Error: Unknown graphics extension: ....

See the LaTeX manual or LaTeX Companion for explanation.
Type  H <return>  for immediate help.
 ...                                              
                                                  
l.1959 \includegraphics[width=\textwidth]{img/...}
                                                  
Try typing  <return>  to proceed.
If that doesn't work, type  X <return>  to quit.

[243]

LaTeX Warning: File `img/...' not found on input line 1970.


! LaTeX Error: Unknown graphics extension: ....

See the LaTeX manual or LaTeX Companion for explanation.
Type  H <return>  for immediate help.
 ...                                              
                                                  
l.1970 \includegraphics[width=\textwidth]{img/...}
                                                  
Try typing  <return>  to proceed.
If that doesn't work, type  X <return>  to quit.

[244] [245]
Underfull \hbox (badness 5217) in paragraph at lines 1993--1994
[]\OT1/ppl/m/n/10 (+20) GGZ - Dijk en Duin re-gio Zaan-
 []

[246] [247]
\tf@toc=\write4
\openout4 = `rm_verhaal.toc'.

 (./rm_verhaal.aux) ) 
Here is how much of TeX's memory you used:
 9100 strings out of 493014
 133517 string characters out of 6133351
 265918 words of memory out of 5000000
 12290 multiletter control sequences out of 15000+600000
 40566 words of font info for 227 fonts, out of 8000000 for 9000
 1141 hyphenation exceptions out of 8191
 42i,11n,39p,1138b,312s stack positions out of 5000i,500n,10000p,200000b,80000s
{/usr/local/texlive/2016/texmf-dist/fonts/enc/dvips/base/8
r.enc}</usr/local/texlive/2016/texmf-dist/fonts/type1/urw/palatino/uplb8a.pfb><
/usr/local/texlive/2016/texmf-dist/fonts/type1/urw/palatino/uplbi8a.pfb></usr/l
ocal/texlive/2016/texmf-dist/fonts/type1/urw/palatino/uplr8a.pfb></usr/local/te
xlive/2016/texmf-dist/fonts/type1/urw/palatino/uplri8a.pfb>
Output written on rm_verhaal.pdf (253 pages, 366958 bytes).
PDF statistics:
 839 PDF objects out of 1000 (max. 8388607)
 574 compressed objects within 6 object streams
 0 named destinations out of 1000 (max. 500000)
 27649 words of extra memory for PDF output out of 29859 (max. 10000000)

