\BOOKMARK [0][-]{part.1}{I\040De\040Familie}{}% 1
\BOOKMARK [1][-]{section.1}{Familie\040Meijns}{part.1}% 2
\BOOKMARK [1][-]{section.2}{Opa\040Meijns}{part.1}% 3
\BOOKMARK [1][-]{section.3}{Familie\040Kriek}{part.1}% 4
\BOOKMARK [1][-]{section.4}{Mijn\040ouders}{part.1}% 5
\BOOKMARK [1][-]{section.5}{Rosmolenstraat\04088}{part.1}% 6
\BOOKMARK [1][-]{section.6}{Kleuterschool}{part.1}% 7
\BOOKMARK [1][-]{section.7}{Stegen\040en\040straten}{part.1}% 8
\BOOKMARK [1][-]{section.8}{Wat\040er\040door\040de\040straat\040kwam}{part.1}% 9
\BOOKMARK [1][-]{section.9}{Luilak}{part.1}% 10
\BOOKMARK [1][-]{section.10}{Vreemde\040zaken}{part.1}% 11
\BOOKMARK [1][-]{section.11}{Sport}{part.1}% 12
\BOOKMARK [1][-]{section.12}{IJspret}{part.1}% 13
\BOOKMARK [1][-]{section.13}{Jongensdorp}{part.1}% 14
\BOOKMARK [1][-]{section.14}{Scheepswerf}{part.1}% 15
\BOOKMARK [1][-]{section.15}{Muziek}{part.1}% 16
\BOOKMARK [1][-]{section.16}{Jaren\040'50}{part.1}% 17
\BOOKMARK [1][-]{section.17}{Lagere\040school}{part.1}% 18
\BOOKMARK [1][-]{section.18}{ULO}{part.1}% 19
\BOOKMARK [1][-]{section.19}{Vader}{part.1}% 20
\BOOKMARK [1][-]{section.20}{Brommers\040en\040auto's}{part.1}% 21
\BOOKMARK [1][-]{section.21}{Hof\040van\040Holland\04040}{part.1}% 22
\BOOKMARK [1][-]{section.22}{Hof\040van\040Holland\04040\040\(2\)}{part.1}% 23
\BOOKMARK [0][-]{part.2}{II\040Het\040Werk}{}% 24
\BOOKMARK [1][-]{section.23}{Werken,\040slapen,\040eten}{part.2}% 25
\BOOKMARK [1][-]{section.24}{Apotheek\040Hulp\040Artsen\040\(+\0401962\)}{part.2}% 26
\BOOKMARK [1][-]{section.25}{Pieter\040Schoen}{part.2}% 27
\BOOKMARK [1][-]{section.26}{Simon\040de\040Wit}{part.2}% 28
\BOOKMARK [1][-]{section.27}{Schoonmaakbedrijf\040van\040Heusden}{part.2}% 29
\BOOKMARK [1][-]{section.28}{Dagblad\040De\040Tijd}{part.2}% 30
\BOOKMARK [1][-]{section.29}{HVO}{part.2}% 31
\BOOKMARK [1][-]{section.30}{Scientology}{part.2}% 32
\BOOKMARK [1][-]{section.31}{De\040Zaanlander}{part.2}% 33
